13:May:34 | com.log4j2Mv.LogBasic | m1 | com.log4j2Mv.LogBasic.m1(LogBasic.java:13) | Method is Start | 
13:May:34 | com.log4j2Mv.LogBasic | m1 | com.log4j2Mv.LogBasic.m1(LogBasic.java:14) | Method is debug | 
13:May:34 | com.log4j2Mv.LogBasic | m1 | com.log4j2Mv.LogBasic.m1(LogBasic.java:15) | Method is warning | 
13:May:34 | com.log4j2Mv.LogBasic | m1 | com.log4j2Mv.LogBasic.m1(LogBasic.java:16) | Method is fatal | 
13:May:34 | com.log4j2Mv.LogBasic | m1 | com.log4j2Mv.LogBasic.m1(LogBasic.java:17) | Method is error | 
13:May:16 | com.log4j2Mv.LogBasic | m1 | com.log4j2Mv.LogBasic.m1(LogBasic.java:13) | Method is Start | 
13:May:16 | com.log4j2Mv.LogBasic | m1 | com.log4j2Mv.LogBasic.m1(LogBasic.java:14) | Method is debug | 
13:May:16 | com.log4j2Mv.LogBasic | m1 | com.log4j2Mv.LogBasic.m1(LogBasic.java:15) | Method is warning | 
13:May:16 | com.log4j2Mv.LogBasic | m1 | com.log4j2Mv.LogBasic.m1(LogBasic.java:16) | Method is fatal | 
13:May:16 | com.log4j2Mv.LogBasic | m1 | com.log4j2Mv.LogBasic.m1(LogBasic.java:17) | Method is error | 
13:May:53 | com.log4j2Mv.LogBasic | m1 | com.log4j2Mv.LogBasic.m1(LogBasic.java:13) | Method is Start | 
13:May:53 | com.log4j2Mv.LogBasic | m1 | com.log4j2Mv.LogBasic.m1(LogBasic.java:14) | Method is debug | 
13:May:53 | com.log4j2Mv.LogBasic | m1 | com.log4j2Mv.LogBasic.m1(LogBasic.java:15) | Method is warning | 
13:May:53 | com.log4j2Mv.LogBasic | m1 | com.log4j2Mv.LogBasic.m1(LogBasic.java:16) | Method is fatal | 
13:May:53 | com.log4j2Mv.LogBasic | m1 | com.log4j2Mv.LogBasic.m1(LogBasic.java:17) | Method is error | 
13:May:46 | com.log4j2Mv.LogBasic | m1 | com.log4j2Mv.LogBasic.m1(LogBasic.java:13) | Method is Start | 
13:May:48 | com.log4j2Mv.LogBasic | m1 | com.log4j2Mv.LogBasic.m1(LogBasic.java:14) | Method is debug | 
13:May:48 | com.log4j2Mv.LogBasic | m1 | com.log4j2Mv.LogBasic.m1(LogBasic.java:15) | Method is warning | 
13:May:48 | com.log4j2Mv.LogBasic | m1 | com.log4j2Mv.LogBasic.m1(LogBasic.java:16) | Method is fatal | 
13:May:48 | com.log4j2Mv.LogBasic | m1 | com.log4j2Mv.LogBasic.m1(LogBasic.java:17) | Method is error | 
13:May:23 | com.log4j2Mv.LogBasic | m1 | com.log4j2Mv.LogBasic.m1(LogBasic.java:13) | Method is Start | 
13:May:24 | com.log4j2Mv.LogBasic | m1 | com.log4j2Mv.LogBasic.m1(LogBasic.java:14) | Method is debug | 
13:May:24 | com.log4j2Mv.LogBasic | m1 | com.log4j2Mv.LogBasic.m1(LogBasic.java:15) | Method is warning | 
13:May:24 | com.log4j2Mv.LogBasic | m1 | com.log4j2Mv.LogBasic.m1(LogBasic.java:16) | Method is fatal | 
13:May:24 | com.log4j2Mv.LogBasic | m1 | com.log4j2Mv.LogBasic.m1(LogBasic.java:17) | Method is error | 
13:May:29 | com.log4j2Mv.LogBasic | m1 | com.log4j2Mv.LogBasic.m1(LogBasic.java:13) | Method is Start | 
13:May:30 | com.log4j2Mv.LogBasic | m1 | com.log4j2Mv.LogBasic.m1(LogBasic.java:14) | Method is debug | 
13:May:30 | com.log4j2Mv.LogBasic | m1 | com.log4j2Mv.LogBasic.m1(LogBasic.java:15) | Method is warning | 
13:May:30 | com.log4j2Mv.LogBasic | m1 | com.log4j2Mv.LogBasic.m1(LogBasic.java:16) | Method is fatal | 
13:May:30 | com.log4j2Mv.LogBasic | m1 | com.log4j2Mv.LogBasic.m1(LogBasic.java:17) | Method is error | 
13:May:04 | com.log4j2Mv.LogBasic | m1 | com.log4j2Mv.LogBasic.m1(LogBasic.java:13) | Method is Start | 
13:May:04 | com.log4j2Mv.LogBasic | m1 | com.log4j2Mv.LogBasic.m1(LogBasic.java:14) | Method is debug | 
13:May:04 | com.log4j2Mv.LogBasic | m1 | com.log4j2Mv.LogBasic.m1(LogBasic.java:15) | Method is warning | 
13:May:04 | com.log4j2Mv.LogBasic | m1 | com.log4j2Mv.LogBasic.m1(LogBasic.java:16) | Method is fatal | 
13:May:04 | com.log4j2Mv.LogBasic | m1 | com.log4j2Mv.LogBasic.m1(LogBasic.java:17) | Method is error | 
13:May:23 | com.log4j2Mv.LogBasic | m1 | com.log4j2Mv.LogBasic.m1(LogBasic.java:13) | Method is Start | 
13:May:24 | com.log4j2Mv.LogBasic | m1 | com.log4j2Mv.LogBasic.m1(LogBasic.java:14) | Method is debug | 
13:May:24 | com.log4j2Mv.LogBasic | m1 | com.log4j2Mv.LogBasic.m1(LogBasic.java:15) | Method is warning | 
13:May:24 | com.log4j2Mv.LogBasic | m1 | com.log4j2Mv.LogBasic.m1(LogBasic.java:16) | Method is fatal | 
13:May:24 | com.log4j2Mv.LogBasic | m1 | com.log4j2Mv.LogBasic.m1(LogBasic.java:17) | Method is error | 
13:May:26 | com.log4j2Mv.LogBasic | m1 | com.log4j2Mv.LogBasic.m1(LogBasic.java:13) | Method is Start | 
13:May:27 | com.log4j2Mv.LogBasic | m1 | com.log4j2Mv.LogBasic.m1(LogBasic.java:14) | Method is debug | 
13:May:27 | com.log4j2Mv.LogBasic | m1 | com.log4j2Mv.LogBasic.m1(LogBasic.java:15) | Method is warning | 
13:May:27 | com.log4j2Mv.LogBasic | m1 | com.log4j2Mv.LogBasic.m1(LogBasic.java:16) | Method is fatal | 
13:May:27 | com.log4j2Mv.LogBasic | m1 | com.log4j2Mv.LogBasic.m1(LogBasic.java:17) | Method is error | 
13:May:55 | com.log4j2Mv.LogBasic | m1 | com.log4j2Mv.LogBasic.m1(LogBasic.java:13) | Method is Start | 
13:May:56 | com.log4j2Mv.LogBasic | m1 | com.log4j2Mv.LogBasic.m1(LogBasic.java:14) | Method is debug | 
13:May:56 | com.log4j2Mv.LogBasic | m1 | com.log4j2Mv.LogBasic.m1(LogBasic.java:15) | Method is warning | 
13:May:56 | com.log4j2Mv.LogBasic | m1 | com.log4j2Mv.LogBasic.m1(LogBasic.java:16) | Method is fatal | 
13:May:56 | com.log4j2Mv.LogBasic | m1 | com.log4j2Mv.LogBasic.m1(LogBasic.java:17) | Method is error | 
13:May:17 | com.log4j2Mv.LogBasic | m1 | com.log4j2Mv.LogBasic.m1(LogBasic.java:13) | Method is Start | 
13:May:53 | com.log4j2Mv.LogBasic | m1 | com.log4j2Mv.LogBasic.m1(LogBasic.java:15) | Method is Start | 
13:May:54 | com.log4j2Mv.LogBasic | m1 | com.log4j2Mv.LogBasic.m1(LogBasic.java:20) | Method is end | 
